Using pre-set license
Built from '2020.3/release' branch; Version is '2020.3.34f1 (9a4c9c70452b) revision 10112156'; Using compiler version '192528614'; Build Type 'Release'
OS: 'Windows 10  (10.0.19043) 64bit Professional' Language: 'ko' Physical Memory: 32688 MB
BatchMode: 1, IsHumanControllingUs: 0, StartBugReporterOnCrash: 0, Is64bit: 1, IsPro: 0

COMMAND LINE ARGUMENTS:
C:\Program Files\Unity\Hub\Editor\2020.3.34f1\Editor\Unity.exe
-adb2
-batchMode
-noUpm
-name
AssetImportWorker0
-projectPath
C:/Users/sonbu/Desktop/JooYeong/Dev/Unity/RLProject-Again/Main
-logFile
Logs/AssetImportWorker0.log
-srvPort
11291
Successfully changed project path to: C:/Users/sonbu/Desktop/JooYeong/Dev/Unity/RLProject-Again/Main
C:/Users/sonbu/Desktop/JooYeong/Dev/Unity/RLProject-Again/Main
Using Asset Import Pipeline V2.
Refreshing native plugins compatible for Editor in 52.99 ms, found 3 plugins.
Preloading 0 native plugins for Editor in 0.00 ms.
Initialize engine version: 2020.3.34f1 (9a4c9c70452b)
[Subsystems] Discovering subsystems at path C:/Program Files/Unity/Hub/Editor/2020.3.34f1/Editor/Data/Resources/UnitySubsystems
[Subsystems] Discovering subsystems at path C:/Users/sonbu/Desktop/JooYeong/Dev/Unity/RLProject-Again/Main/Assets
GfxDevice: creating device client; threaded=0
Direct3D:
    Version:  Direct3D 11.0 [level 11.1]
    Renderer: NVIDIA GeForce GTX 1060 6GB (ID=0x1c03)
    Vendor:   
    VRAM:     6052 MB
    Driver:   30.0.15.1277
Initialize mono
Mono path[0] = 'C:/Program Files/Unity/Hub/Editor/2020.3.34f1/Editor/Data/Managed'
Mono path[1] = 'C:/Program Files/Unity/Hub/Editor/2020.3.34f1/Editor/Data/MonoBleedingEdge/lib/mono/unityjit'
Mono config path = 'C:/Program Files/Unity/Hub/Editor/2020.3.34f1/Editor/Data/MonoBleedingEdge/etc'
Using monoOptions --debugger-agent=transport=dt_socket,embedding=1,server=y,suspend=n,address=127.0.0.1:56724
Begin MonoManager ReloadAssembly
Registering precompiled unity dll's ...
Register platform support module: C:/Program Files/Unity/Hub/Editor/2020.3.34f1/Editor/Data/PlaybackEngines/WindowsStandaloneSupport/UnityEditor.WindowsStandalone.Extensions.dll
Registered in 0.004022 seconds.
Native extension for WindowsStandalone target not found
Refreshing native plugins compatible for Editor in 55.56 ms, found 3 plugins.
Preloading 0 native plugins for Editor in 0.00 ms.
Mono: successfully reloaded assembly
- Completed reload, in  0.690 seconds
Domain Reload Profiling:
	ReloadAssembly (691ms)
		BeginReloadAssembly (88ms)
			ExecutionOrderSort (0ms)
			DisableScriptedObjects (0ms)
			BackupInstance (0ms)
			ReleaseScriptingObjects (0ms)
			CreateAndSetChildDomain (1ms)
		EndReloadAssembly (513ms)
			LoadAssemblies (83ms)
			RebuildTransferFunctionScriptingTraits (0ms)
			SetupTypeCache (164ms)
			ReleaseScriptCaches (0ms)
			RebuildScriptCaches (29ms)
			SetupLoadedEditorAssemblies (200ms)
				LogAssemblyErrors (0ms)
				InitializePlatformSupportModulesInManaged (5ms)
				SetLoadedEditorAssemblies (0ms)
				RefreshPlugins (56ms)
				BeforeProcessingInitializeOnLoad (19ms)
				ProcessInitializeOnLoadAttributes (90ms)
				ProcessInitializeOnLoadMethodAttributes (30ms)
				AfterProcessingInitializeOnLoad (0ms)
				EditorAssembliesLoaded (0ms)
			ExecutionOrderSort2 (0ms)
			AwakeInstancesAfterBackupRestoration (0ms)
Platform modules already initialized, skipping
Registering precompiled user dll's ...
Registered in 0.006586 seconds.
Begin MonoManager ReloadAssembly
Native extension for WindowsStandalone target not found
Refreshing native plugins compatible for Editor in 49.47 ms, found 3 plugins.
Preloading 0 native plugins for Editor in 0.00 ms.
Mono: successfully reloaded assembly
- Completed reload, in  1.246 seconds
Domain Reload Profiling:
	ReloadAssembly (1247ms)
		BeginReloadAssembly (179ms)
			ExecutionOrderSort (0ms)
			DisableScriptedObjects (5ms)
			BackupInstance (0ms)
			ReleaseScriptingObjects (0ms)
			CreateAndSetChildDomain (17ms)
		EndReloadAssembly (986ms)
			LoadAssemblies (130ms)
			RebuildTransferFunctionScriptingTraits (0ms)
			SetupTypeCache (301ms)
			ReleaseScriptCaches (1ms)
			RebuildScriptCaches (51ms)
			SetupLoadedEditorAssemblies (400ms)
				LogAssemblyErrors (0ms)
				InitializePlatformSupportModulesInManaged (4ms)
				SetLoadedEditorAssemblies (0ms)
				RefreshPlugins (50ms)
				BeforeProcessingInitializeOnLoad (106ms)
				ProcessInitializeOnLoadAttributes (203ms)
				ProcessInitializeOnLoadMethodAttributes (22ms)
				AfterProcessingInitializeOnLoad (15ms)
				EditorAssembliesLoaded (0ms)
			ExecutionOrderSort2 (0ms)
			AwakeInstancesAfterBackupRestoration (2ms)
Platform modules already initialized, skipping
========================================================================
Worker process is ready to serve import requests
Launched and connected shader compiler UnityShaderCompiler.exe after 0.07 seconds
Refreshing native plugins compatible for Editor in 0.50 ms, found 3 plugins.
Preloading 0 native plugins for Editor in 0.00 ms.
Unloading 2244 Unused Serialized files (Serialized files now loaded: 0)
System memory in use before: 100.7 MB.
System memory in use after: 100.7 MB.

Unloading 30 unused Assets to reduce memory usage. Loaded Objects now: 2679.
Total: 3.292000 ms (FindLiveObjects: 0.176400 ms CreateObjectMapping: 0.052400 ms MarkObjects: 2.929400 ms  DeleteObjects: 0.133000 ms)

AssetImportParameters requested are different than current active one (requested -> active):
  custom:framework-win-MediaFoundation: 216162199b28c13a410421893ffa2e32 -> 
  custom:video-decoder-ogg-theora: a1e56fd34408186e4bbccfd4996cb3dc -> 
  custom:container-muxer-webm: aa71ff27fc2769a1b78a27578f13a17b -> 
  custom:container-demuxer-webm: 4f35f7cbe854078d1ac9338744f61a02 -> 
  custom:container-demuxer-ogg: 62fdf1f143b41e24485cea50d1cbac27 -> 
  custom:video-encoder-webm-vp8: eb34c28f22e8b96e1ab97ce403110664 -> 
  custom:video-codec-MediaFoundation-h265: 746d11721c4dcdbdad8f713fa42b33f4 -> 
  custom:video-decoder-webm-vp8: 9c59270c3fd7afecdb556c50c9e8de78 -> 
  custom:audio-decoder-ogg-vorbis: bf7c407c2cedff20999df2af8eb42d56 -> 
  custom:audio-encoder-webm-vorbis: bf7c407c2cedff20999df2af8eb42d56 -> 
========================================================================
Received Import Request.
  path: Assets/Audio
  artifactKey: Guid(f3de847ba04a16749a89eb8a6c0461dd) Importer(815301076,1909f56bfc062723c751e8b465ee728b)
Start importing Assets/Audio using Guid(f3de847ba04a16749a89eb8a6c0461dd) Importer(815301076,1909f56bfc062723c751e8b465ee728b)  -> (artifact id: 'f3181d6e1166ffa8a32d54d8d89cc956') in 0.011751 seconds 
========================================================================
Received Import Request.
  Time since last request: 7.829779 seconds.
  path: Assets/Audio/scavengers_chop1.aif
  artifactKey: Guid(931ee76ae5942f14baa10f9936c00dc0) Importer(815301076,1909f56bfc062723c751e8b465ee728b)
Start importing Assets/Audio/scavengers_chop1.aif using Guid(931ee76ae5942f14baa10f9936c00dc0) Importer(815301076,1909f56bfc062723c751e8b465ee728b)  -> (artifact id: '65afafea4c6f431278753447b99e19ef') in 0.118647 seconds 
========================================================================
Received Import Request.
  Time since last request: 1.856996 seconds.
  path: Assets/Audio/scavengers_chop2.aif
  artifactKey: Guid(08fd9a465c02ea74fb05d00a421c712e) Importer(815301076,1909f56bfc062723c751e8b465ee728b)
Start importing Assets/Audio/scavengers_chop2.aif using Guid(08fd9a465c02ea74fb05d00a421c712e) Importer(815301076,1909f56bfc062723c751e8b465ee728b)  -> (artifact id: '59fabc31b08931a4eb43134c3e05e0c1') in 0.014333 seconds 
========================================================================
Received Import Request.
  Time since last request: 2.260010 seconds.
  path: Assets/Audio/scavengers_die.aif
  artifactKey: Guid(7a17cea8edc216940a5d8239f1dc7613) Importer(815301076,1909f56bfc062723c751e8b465ee728b)
Start importing Assets/Audio/scavengers_die.aif using Guid(7a17cea8edc216940a5d8239f1dc7613) Importer(815301076,1909f56bfc062723c751e8b465ee728b)  -> (artifact id: 'e88a20774554c5feeefb7040a9079746') in 0.012753 seconds 
========================================================================
Received Import Request.
  Time since last request: 4.407979 seconds.
  path: Assets/Audio/scavengers_enemy1.aif
  artifactKey: Guid(245913eabff0b8b45890201ed24974c6) Importer(815301076,1909f56bfc062723c751e8b465ee728b)
Start importing Assets/Audio/scavengers_enemy1.aif using Guid(245913eabff0b8b45890201ed24974c6) Importer(815301076,1909f56bfc062723c751e8b465ee728b)  -> (artifact id: '63db2aae2944dd0ce60be9a64f7cc9b9') in 0.015405 seconds 
========================================================================
Received Import Request.
  Time since last request: 6.399220 seconds.
  path: Assets/Audio/scavengers_enemy2.aif
  artifactKey: Guid(c6ebd5e5e898cfc44ac6497a5c2a3fdc) Importer(815301076,1909f56bfc062723c751e8b465ee728b)
Start importing Assets/Audio/scavengers_enemy2.aif using Guid(c6ebd5e5e898cfc44ac6497a5c2a3fdc) Importer(815301076,1909f56bfc062723c751e8b465ee728b)  -> (artifact id: 'a0773e03fccf856c3681e440a2128a9b') in 0.012374 seconds 
========================================================================
Received Import Request.
  Time since last request: 3.198171 seconds.
  path: Assets/Audio/scavengers_footstep1.aif
  artifactKey: Guid(6ded0e59b26f18343a69fcebae47b9ad) Importer(815301076,1909f56bfc062723c751e8b465ee728b)
Start importing Assets/Audio/scavengers_footstep1.aif using Guid(6ded0e59b26f18343a69fcebae47b9ad) Importer(815301076,1909f56bfc062723c751e8b465ee728b)  -> (artifact id: '183e53f23c0db9d96e651164885dd3af') in 0.014339 seconds 
========================================================================
Received Import Request.
  Time since last request: 2.440189 seconds.
  path: Assets/Audio/scavengers_footstep2.aif
  artifactKey: Guid(e2c297268a24ff24da68bd08da6c3d13) Importer(815301076,1909f56bfc062723c751e8b465ee728b)
Start importing Assets/Audio/scavengers_footstep2.aif using Guid(e2c297268a24ff24da68bd08da6c3d13) Importer(815301076,1909f56bfc062723c751e8b465ee728b)  -> (artifact id: '4bb3574fcb9f6b1f7ef4be70557d1119') in 0.012704 seconds 
========================================================================
Received Import Request.
  Time since last request: 2.610481 seconds.
  path: Assets/Audio/scavengers_fruit1.aif
  artifactKey: Guid(d5512ef2bf8bb6441bd83133b0eaa42b) Importer(815301076,1909f56bfc062723c751e8b465ee728b)
Start importing Assets/Audio/scavengers_fruit1.aif using Guid(d5512ef2bf8bb6441bd83133b0eaa42b) Importer(815301076,1909f56bfc062723c751e8b465ee728b)  -> (artifact id: '7fece8b77464548f41449dc6efda884a') in 0.013116 seconds 
========================================================================
Received Import Request.
  Time since last request: 2.503881 seconds.
  path: Assets/Audio/scavengers_fruit2.aif
  artifactKey: Guid(9c53f6d6f81211f4ea9596e0f1bbc26d) Importer(815301076,1909f56bfc062723c751e8b465ee728b)
Start importing Assets/Audio/scavengers_fruit2.aif using Guid(9c53f6d6f81211f4ea9596e0f1bbc26d) Importer(815301076,1909f56bfc062723c751e8b465ee728b)  -> (artifact id: 'd613b5abb8d7d7b225bba82b986a351d') in 0.013214 seconds 
========================================================================
Received Import Request.
  Time since last request: 3.820760 seconds.
  path: Assets/Audio/scavengers_soda1.aif
  artifactKey: Guid(6c0fb59787491c848beb8e2cd176568b) Importer(815301076,1909f56bfc062723c751e8b465ee728b)
Start importing Assets/Audio/scavengers_soda1.aif using Guid(6c0fb59787491c848beb8e2cd176568b) Importer(815301076,1909f56bfc062723c751e8b465ee728b)  -> (artifact id: '369f1cd635622f73d0cbfe7229016e5e') in 0.012884 seconds 
========================================================================
Received Import Request.
  Time since last request: 2.044560 seconds.
  path: Assets/Audio/scavengers_soda2.aif
  artifactKey: Guid(8ca55892c8aaf4947961bf49c2886bc7) Importer(815301076,1909f56bfc062723c751e8b465ee728b)
Start importing Assets/Audio/scavengers_soda2.aif using Guid(8ca55892c8aaf4947961bf49c2886bc7) Importer(815301076,1909f56bfc062723c751e8b465ee728b)  -> (artifact id: 'cb7fdfd3c49957141da319f2e18d0a4e') in 0.013793 seconds 
========================================================================
Received Import Request.
  Time since last request: 20.551667 seconds.
  path: Assets/Audio/scavengers_music.aif
  artifactKey: Guid(91927c008060cd84da58a1e7621d7ae2) Importer(815301076,1909f56bfc062723c751e8b465ee728b)
Start importing Assets/Audio/scavengers_music.aif using Guid(91927c008060cd84da58a1e7621d7ae2) Importer(815301076,1909f56bfc062723c751e8b465ee728b)  -> (artifact id: '8745cdf55d38b2b28db03b44b587b7dc') in 0.012926 seconds 
========================================================================
Received Import Request.
  Time since last request: 24.395668 seconds.
  path: Assets/Scripts/Managers/UIManager.cs
  artifactKey: Guid(cb65578f82cd0e340ba6c5ea8a5fcb49) Importer(815301076,1909f56bfc062723c751e8b465ee728b)
Start importing Assets/Scripts/Managers/UIManager.cs using Guid(cb65578f82cd0e340ba6c5ea8a5fcb49) Importer(815301076,1909f56bfc062723c751e8b465ee728b)  -> (artifact id: 'a23628d29c5f94a207b087ffbe319318') in 0.013289 seconds 
========================================================================
Received Import Request.
  Time since last request: 0.534575 seconds.
  path: Assets/Scripts/Managers/TileManager.cs
  artifactKey: Guid(3d0fc2508d82ee04997798e5ce478539) Importer(815301076,1909f56bfc062723c751e8b465ee728b)
Start importing Assets/Scripts/Managers/TileManager.cs using Guid(3d0fc2508d82ee04997798e5ce478539) Importer(815301076,1909f56bfc062723c751e8b465ee728b)  -> (artifact id: '2f4a152a99a40cdae8b7f6e2ac2e5508') in 0.007587 seconds 
========================================================================
Received Prepare
Registering precompiled user dll's ...
Registered in 0.006406 seconds.
Begin MonoManager ReloadAssembly
Native extension for WindowsStandalone target not found
Refreshing native plugins compatible for Editor in 0.56 ms, found 3 plugins.
Preloading 0 native plugins for Editor in 0.00 ms.
Mono: successfully reloaded assembly
- Completed reload, in  1.116 seconds
Domain Reload Profiling:
	ReloadAssembly (1116ms)
		BeginReloadAssembly (157ms)
			ExecutionOrderSort (0ms)
			DisableScriptedObjects (6ms)
			BackupInstance (0ms)
			ReleaseScriptingObjects (0ms)
			CreateAndSetChildDomain (34ms)
		EndReloadAssembly (879ms)
			LoadAssemblies (141ms)
			RebuildTransferFunctionScriptingTraits (0ms)
			SetupTypeCache (288ms)
			ReleaseScriptCaches (1ms)
			RebuildScriptCaches (42ms)
			SetupLoadedEditorAssemblies (338ms)
				LogAssemblyErrors (0ms)
				InitializePlatformSupportModulesInManaged (5ms)
				SetLoadedEditorAssemblies (1ms)
				RefreshPlugins (1ms)
				BeforeProcessingInitializeOnLoad (105ms)
				ProcessInitializeOnLoadAttributes (193ms)
				ProcessInitializeOnLoadMethodAttributes (17ms)
				AfterProcessingInitializeOnLoad (15ms)
				EditorAssembliesLoaded (0ms)
			ExecutionOrderSort2 (0ms)
			AwakeInstancesAfterBackupRestoration (5ms)
Platform modules already initialized, skipping
Refreshing native plugins compatible for Editor in 0.51 ms, found 3 plugins.
Preloading 0 native plugins for Editor in 0.00 ms.
Unloading 2238 Unused Serialized files (Serialized files now loaded: 0)
System memory in use before: 103.8 MB.
System memory in use after: 103.8 MB.

Unloading 19 unused Assets to reduce memory usage. Loaded Objects now: 2691.
Total: 3.020200 ms (FindLiveObjects: 0.179800 ms CreateObjectMapping: 0.051800 ms MarkObjects: 2.684800 ms  DeleteObjects: 0.102800 ms)

AssetImportParameters requested are different than current active one (requested -> active):
  custom:framework-win-MediaFoundation: 216162199b28c13a410421893ffa2e32 -> 
  custom:video-decoder-ogg-theora: a1e56fd34408186e4bbccfd4996cb3dc -> 
  custom:container-muxer-webm: aa71ff27fc2769a1b78a27578f13a17b -> 
  custom:container-demuxer-webm: 4f35f7cbe854078d1ac9338744f61a02 -> 
  custom:container-demuxer-ogg: 62fdf1f143b41e24485cea50d1cbac27 -> 
  custom:video-encoder-webm-vp8: eb34c28f22e8b96e1ab97ce403110664 -> 
  custom:video-codec-MediaFoundation-h265: 746d11721c4dcdbdad8f713fa42b33f4 -> 
  custom:video-decoder-webm-vp8: 9c59270c3fd7afecdb556c50c9e8de78 -> 
  custom:audio-decoder-ogg-vorbis: bf7c407c2cedff20999df2af8eb42d56 -> 
  custom:audio-encoder-webm-vorbis: bf7c407c2cedff20999df2af8eb42d56 -> 
========================================================================
Received Prepare
Registering precompiled user dll's ...
Registered in 0.006668 seconds.
Begin MonoManager ReloadAssembly
Native extension for WindowsStandalone target not found
Refreshing native plugins compatible for Editor in 0.52 ms, found 3 plugins.
Preloading 0 native plugins for Editor in 0.00 ms.
Mono: successfully reloaded assembly
- Completed reload, in  1.116 seconds
Domain Reload Profiling:
	ReloadAssembly (1117ms)
		BeginReloadAssembly (140ms)
			ExecutionOrderSort (0ms)
			DisableScriptedObjects (7ms)
			BackupInstance (0ms)
			ReleaseScriptingObjects (0ms)
			CreateAndSetChildDomain (31ms)
		EndReloadAssembly (894ms)
			LoadAssemblies (131ms)
			RebuildTransferFunctionScriptingTraits (0ms)
			SetupTypeCache (296ms)
			ReleaseScriptCaches (1ms)
			RebuildScriptCaches (45ms)
			SetupLoadedEditorAssemblies (338ms)
				LogAssemblyErrors (0ms)
				InitializePlatformSupportModulesInManaged (5ms)
				SetLoadedEditorAssemblies (0ms)
				RefreshPlugins (1ms)
				BeforeProcessingInitializeOnLoad (104ms)
				ProcessInitializeOnLoadAttributes (194ms)
				ProcessInitializeOnLoadMethodAttributes (17ms)
				AfterProcessingInitializeOnLoad (17ms)
				EditorAssembliesLoaded (0ms)
			ExecutionOrderSort2 (0ms)
			AwakeInstancesAfterBackupRestoration (5ms)
Platform modules already initialized, skipping
Refreshing native plugins compatible for Editor in 0.51 ms, found 3 plugins.
Preloading 0 native plugins for Editor in 0.00 ms.
Unloading 2238 Unused Serialized files (Serialized files now loaded: 0)
System memory in use before: 103.8 MB.
System memory in use after: 103.8 MB.

Unloading 19 unused Assets to reduce memory usage. Loaded Objects now: 2694.
Total: 3.047200 ms (FindLiveObjects: 0.181300 ms CreateObjectMapping: 0.051100 ms MarkObjects: 2.710800 ms  DeleteObjects: 0.102800 ms)

AssetImportParameters requested are different than current active one (requested -> active):
  custom:framework-win-MediaFoundation: 216162199b28c13a410421893ffa2e32 -> 
  custom:video-decoder-ogg-theora: a1e56fd34408186e4bbccfd4996cb3dc -> 
  custom:container-muxer-webm: aa71ff27fc2769a1b78a27578f13a17b -> 
  custom:container-demuxer-webm: 4f35f7cbe854078d1ac9338744f61a02 -> 
  custom:container-demuxer-ogg: 62fdf1f143b41e24485cea50d1cbac27 -> 
  custom:video-encoder-webm-vp8: eb34c28f22e8b96e1ab97ce403110664 -> 
  custom:video-codec-MediaFoundation-h265: 746d11721c4dcdbdad8f713fa42b33f4 -> 
  custom:video-decoder-webm-vp8: 9c59270c3fd7afecdb556c50c9e8de78 -> 
  custom:audio-decoder-ogg-vorbis: bf7c407c2cedff20999df2af8eb42d56 -> 
  custom:audio-encoder-webm-vorbis: bf7c407c2cedff20999df2af8eb42d56 -> 
AssetImportWorkerClient::OnTransportError - code=2 error=End of file
